mode: set
geekbrains-go/lvl-2/map_to_struct/map_to_struct.go:8.68,9.31 1 1
geekbrains-go/lvl-2/map_to_struct/map_to_struct.go:16.2,16.12 1 1
geekbrains-go/lvl-2/map_to_struct/map_to_struct.go:9.31,12.17 2 1
geekbrains-go/lvl-2/map_to_struct/map_to_struct.go:12.17,14.4 1 1
geekbrains-go/lvl-2/map_to_struct/map_to_struct.go:19.70,24.25 3 1
geekbrains-go/lvl-2/map_to_struct/map_to_struct.go:28.2,28.24 1 1
geekbrains-go/lvl-2/map_to_struct/map_to_struct.go:32.2,34.35 2 1
geekbrains-go/lvl-2/map_to_struct/map_to_struct.go:52.2,53.12 2 1
geekbrains-go/lvl-2/map_to_struct/map_to_struct.go:24.25,26.3 1 1
geekbrains-go/lvl-2/map_to_struct/map_to_struct.go:28.24,30.3 1 1
geekbrains-go/lvl-2/map_to_struct/map_to_struct.go:34.35,36.49 1 1
geekbrains-go/lvl-2/map_to_struct/map_to_struct.go:49.3,49.71 1 1
geekbrains-go/lvl-2/map_to_struct/map_to_struct.go:36.49,37.41 1 1
geekbrains-go/lvl-2/map_to_struct/map_to_struct.go:40.4,40.87 1 1
geekbrains-go/lvl-2/map_to_struct/map_to_struct.go:37.41,39.5 1 1
geekbrains-go/lvl-2/map_to_struct/map_to_struct.go:40.87,41.25 1 1
geekbrains-go/lvl-2/map_to_struct/map_to_struct.go:44.5,44.47 1 1
geekbrains-go/lvl-2/map_to_struct/map_to_struct.go:41.25,43.6 1 1
